conversationkit-ui/build/outputs/mapping/release/seeds.txt
com.netease.yunxin.kit.conversationkit.ui.R$style: int Base_TextAppearance_AppCompat_Title_Inverse
com.netease.yunxin.kit.conversationkit.ui.R$style: int Widget_MaterialComponents_ExtendedFloatingActionButton_Icon
com.netease.yunxin.kit.conversationkit.ui.R$dimen: int mtrl_bottomappbar_fab_bottom_margin
com.netease.yunxin.kit.conversationkit.ui.R$style: int Theme_MaterialComponents_DayNight_Dialog_Alert_Bridge
com.netease.yunxin.kit.conversationkit.ui.R$style: int Base_Widget_AppCompat_PopupWindow
com.netease.yunxin.kit.conversationkit.ui.R$styleable: int[] AppCompatEmojiHelper
com.netease.yunxin.kit.conversationkit.ui.R$style: int Theme_MaterialComponents_Light_LargeTouch
com.netease.yunxin.kit.conversationkit.ui.R$style: int Widget_Material3_Chip_Assist_Elevated
com.netease.yunxin.kit.conversationkit.ui.R$styleable: int MenuItem_iconTintMode
com.netease.yunxin.kit.conversationkit.ui.R$styleable: int Constraint_drawPath
com.netease.yunxin.kit.conversationkit.ui.R$styleable: int AlertDialog_singleChoiceItemLayout
com.netease.yunxin.kit.conversationkit.ui.R$attr: int listPreferredItemPaddingLeft
com.netease.yunxin.kit.conversationkit.ui.R$attr: int listPreferredItemPaddingRight
com.netease.yunxin.kit.conversationkit.ui.R$styleable: int Constraint_layout_constraintHorizontal_weight
com.netease.yunxin.kit.conversationkit.ui.R$color: int material_dynamic_tertiary0
com.netease.yunxin.kit.conversationkit.ui.R$dimen: int abc_dialog_min_width_minor
com.netease.yunxin.kit.conversationkit.ui.R$styleable: int Slider_trackHeight
com.netease.yunxin.kit.conversationkit.ui.R$color: int design_dark_default_color_on_background
com.netease.yunxin.kit.conversationkit.ui.R$attr: int itemStrokeWidth
com.netease.yunxin.kit.conversationkit.ui.R$style: int Theme_Material3_DayNight_Dialog_MinWidth
com.netease.yunxin.kit.conversationkit.ui.R$styleable: int AppBarLayout_Layout_layout_scrollEffect
com.netease.yunxin.kit.conversationkit.ui.R$style: int TextAppearance_Material3_LabelLarge
com.netease.yunxin.kit.conversationkit.ui.R$dimen: int notification_top_pad_large_text
com.netease.yunxin.kit.conversationkit.ui.R$attr: int dragScale
com.netease.yunxin.kit.conversationkit.ui.R$styleable: int CollapsingToolbarLayout_collapsedTitleGravity
com.netease.yunxin.kit.conversationkit.ui.R$dimen: int design_navigation_elevation
com.netease.yunxin.kit.conversationkit.ui.R$color: int material_timepicker_modebutton_tint
com.netease.yunxin.kit.conversationkit.ui.R$color: int m3_ref_palette_dynamic_primary70
com.netease.yunxin.kit.conversationkit.ui.R$styleable: int Layout_layout_constraintTop_creator
com.netease.yunxin.kit.conversationkit.ui.R$styleable: int BottomAppBar_paddingLeftSystemWindowInsets
com.netease.yunxin.kit.conversationkit.ui.R$style: int TextAppearance_Material3_TitleSmall
com.netease.yunxin.kit.conversationkit.ui.R$style: int Widget_Material3_MaterialCalendar_HeaderSelection
com.netease.yunxin.kit.conversationkit.ui.R$style: int Widget_Material3_Button_TextButton_Dialog
com.netease.yunxin.kit.conversationkit.ui.R$drawable: int default_avatar_bg_3
com.netease.yunxin.kit.conversationkit.ui.R$styleable: int AnimatedStateListDrawableCompat_android_dither
com.netease.yunxin.kit.conversationkit.ui.R$styleable: int MenuGroup_android_checkableBehavior
com.netease.yunxin.kit.conversationkit.ui.R$attr: int materialButtonToggleGroupStyle
com.netease.yunxin.kit.conversationkit.ui.R$style: int Widget_AppCompat_PopupWindow
com.netease.yunxin.kit.conversationkit.ui.R$styleable: int Layout_android_orientation
com.netease.yunxin.kit.conversationkit.ui.R$styleable: int TabLayout_tabMaxWidth
com.netease.yunxin.kit.conversationkit.ui.R$attr: int switchTextAppearance
com.netease.yunxin.kit.conversationkit.ui.R$string: int abc_searchview_description_submit
com.netease.yunxin.kit.conversationkit.ui.R$style: int Widget_MaterialComponents_TextInputLayout_OutlinedBox
com.netease.yunxin.kit.conversationkit.ui.R$string: int abc_font_family_display_1_material