conversationkit-ui/build/outputs/mapping/release/mapping.txt
# compiler: R8
# compiler_version: 3.2.60
# common_typos_disable
# {"id":"com.android.tools.r8.mapping","version":"2.0"}
# pg_map_id: 624d278
# pg_map_hash: SHA-256 624d27849059d70783fc1c83ed6f93333a0c5adbe9cb0745ab16b7aa24502d2c
...
com.netease.yunxin.kit.conversationkit.ui.page.ConversationSelectActivity -> com.netease.yunxin.kit.conversationkit.ui.page.ConversationSelectActivity:
    com.netease.yunxin.kit.conversationkit.ui.page.viewmodel.SelectorViewModel viewModel -> b
    com.netease.yunxin.kit.conversationkit.ui.databinding.ConversationSelectActivityBinding viewBinding -> a
    java.util.HashSet contactIdSet -> c
    1:1:boolean com.netease.yunxin.kit.conversationkit.ui.page.viewmodel.SelectorViewModel.hasMore():0:0 -> a
    1:1:boolean hasMore():0 -> a
      # {"id":"com.android.tools.r8.rewriteFrame","conditions":["throws(Ljava/lang/NullPointerException;)"],"actions":["removeInnerFrames(1)"]}
    void lambda$onCreate$0(android.view.View) -> a
    void lambda$onCreate$2(com.netease.yunxin.kit.common.ui.viewmodel.FetchResult) -> a
    2:2:void com.netease.yunxin.kit.conversationkit.ui.page.viewmodel.SelectorViewModel.loadMore(com.netease.yunxin.kit.conversationkit.ui.model.ConversationBean):0:0 -> a
    2:2:void loadMore(java.lang.Object):0 -> a
    3:3:void com.netease.yunxin.kit.conversationkit.ui.page.viewmodel.SelectorViewModel.queryConversation(com.netease.yunxin.kit.conversationkit.model.ConversationInfo):0:0 -> a
    3:3:void com.netease.yunxin.kit.conversationkit.ui.page.viewmodel.SelectorViewModel.loadMore(com.netease.yunxin.kit.conversationkit.ui.model.ConversationBean):0 -> a
    3:3:void loadMore(java.lang.Object):0 -> a
    void lambda$onCreate$1(android.view.View) -> b
com.netease.yunxin.kit.conversationkit.ui.page.ConversationSelectActivity$1 -> com.netease.yunxin.kit.conversationkit.ui.page.ConversationSelectActivity$a:
    com.netease.yunxin.kit.conversationkit.ui.page.ConversationSelectActivity this$0 -> a
    1:1:java.util.HashSet com.netease.yunxin.kit.conversationkit.ui.page.ConversationSelectActivity.access$000(com.netease.yunxin.kit.conversationkit.ui.page.ConversationSelectActivity):0:0 -> onClick
    1:1:boolean onClick(com.netease.yunxin.kit.common.ui.viewholder.BaseBean,int):0 -> onClick
    2:2:boolean onClick(com.netease.yunxin.kit.common.ui.viewholder.BaseBean,int):0:0 -> onClick
    3:3:java.util.HashSet com.netease.yunxin.kit.conversationkit.ui.page.ConversationSelectActivity.access$000(com.netease.yunxin.kit.conversationkit.ui.page.ConversationSelectActivity):0:0 -> onClick
    3:3:boolean onClick(com.netease.yunxin.kit.common.ui.viewholder.BaseBean,int):0 -> onClick
    4:4:boolean onClick(com.netease.yunxin.kit.common.ui.viewholder.BaseBean,int):0:0 -> onClick
    5:5:void com.netease.yunxin.kit.conversationkit.ui.page.ConversationSelectActivity.updateTitleBar():0:0 -> onClick
    5:5:void com.netease.yunxin.kit.conversationkit.ui.page.ConversationSelectActivity.access$100(com.netease.yunxin.kit.conversationkit.ui.page.ConversationSelectActivity):0 -> onClick
    5:5:boolean onClick(com.netease.yunxin.kit.common.ui.viewholder.BaseBean,int):0 -> onClick