conversationkit-ui/build/outputs/mapping/release/usage.txt
com.netease.yunxin.kit.conversationkit.ui.databinding.ConversationActivityBinding
com.netease.yunxin.kit.conversationkit.ui.databinding.ConversationFragmentBinding:
    public final androidx.constraintlayout.widget.ConstraintLayout getRoot()
com.netease.yunxin.kit.conversationkit.ui.databinding.ConversationSelectActivityBinding:
    public final android.widget.TextView conversationSubtitleTv
    public final android.widget.LinearLayout getRoot()
com.netease.yunxin.kit.conversationkit.ui.databinding.ConversationViewLayoutBinding:
    public final android.view.View conversationLine
com.netease.yunxin.kit.conversationkit.ui.databinding.SelectorViewHolderLayoutBinding:
    public final android.widget.FrameLayout conversationAvatarFl
    public final android.widget.TextView conversationUnreadTv
    public final android.widget.LinearLayout getRoot()
com.netease.yunxin.kit.conversationkit.ui.page.ConversationActivity:
    public com.netease.yunxin.kit.conversationkit.ui.databinding.ConversationActivityBinding viewBinding
com.netease.yunxin.kit.conversationkit.ui.page.ConversationFragment:
    public final java.lang.String TAG
    public com.netease.yunxin.kit.conversationkit.ui.page.interfaces.IConversationCallback conversationCallback
    public static synthetic com.netease.yunxin.kit.conversationkit.ui.databinding.ConversationFragmentBinding access$000(com.netease.yunxin.kit.conversationkit.ui.page.ConversationFragment)
    public final void doCallback()
    public final void loadUIConfig()
    public final void registerObserver()
    public final void unregisterObserver()
com.netease.yunxin.kit.conversationkit.ui.page.ConversationSelectActivity:
    public final java.lang.String TAG
    public static synthetic java.util.HashSet access$000(com.netease.yunxin.kit.conversationkit.ui.page.ConversationSelectActivity)
    public final void updateTitleBar()
com.netease.yunxin.kit.conversationkit.ui.page.DefaultViewHolderFactory:
    public final int getItemViewType(com.netease.yunxin.kit.conversationkit.ui.model.ConversationBean)
com.netease.yunxin.kit.conversationkit.ui.page.interfaces.IConversationCallback
com.netease.yunxin.kit.conversationkit.ui.page.viewmodel.ConversationViewModel$1:
    public final void onSuccess(java.util.List)
com.netease.yunxin.kit.conversationkit.ui.page.viewmodel.ConversationViewModel$2:
    public final void onSuccess(java.lang.Void)
com.netease.yunxin.kit.conversationkit.ui.page.viewmodel.ConversationViewModel$5:
    public final void onEvent(java.util.List)
com.netease.yunxin.kit.conversationkit.ui.page.viewmodel.ConversationViewModel$6:
    public final void onEvent(com.netease.yunxin.kit.conversationkit.model.ConversationInfo)